mode: set
github.com/robot_wars/utils/utils.go:7.20,9.2 1 1
github.com/robot_wars/game/robot_league/robot_league.go:32.45,34.2 1 1
github.com/robot_wars/game/robot_league/robot_league.go:36.62,38.2 1 1
github.com/robot_wars/game/robot_league/robot_league.go:41.44,43.2 1 1
github.com/robot_wars/game/robot_league/robot_league.go:45.61,47.2 1 1
github.com/robot_wars/game/robot_league/robot_league.go:50.48,52.2 1 1
github.com/robot_wars/game/robot_league/robot_league.go:54.51,56.2 1 1
github.com/robot_wars/game/robot_league/robot_league.go:59.47,61.2 1 1
github.com/robot_wars/game/robot_league/robot_league.go:63.49,65.2 1 1
github.com/robot_wars/game/robot_league/robot_league.go:67.48,69.2 1 0
github.com/robot_wars/game/robot_league/robot_league.go:71.48,73.2 1 0
github.com/robot_wars/game/robot_league/robot_league.go:78.50,82.2 1 1
github.com/robot_wars/game/robot_league/robot_league.go:84.47,87.25 2 1
github.com/robot_wars/game/robot_league/robot_league.go:113.2,113.12 1 1
github.com/robot_wars/game/robot_league/robot_league.go:87.25,89.3 1 0
github.com/robot_wars/game/robot_league/robot_league.go:89.8,89.31 1 1
github.com/robot_wars/game/robot_league/robot_league.go:89.31,91.3 1 0
github.com/robot_wars/game/robot_league/robot_league.go:91.8,92.29 1 1
github.com/robot_wars/game/robot_league/robot_league.go:92.29,93.30 1 1
github.com/robot_wars/game/robot_league/robot_league.go:93.30,98.23 3 1
github.com/robot_wars/game/robot_league/robot_league.go:102.5,108.33 2 1
github.com/robot_wars/game/robot_league/robot_league.go:98.23,99.14 1 1
github.com/robot_wars/game/robot_league/robot_league.go:116.36,117.30 1 1
github.com/robot_wars/game/robot_league/robot_league.go:123.2,123.13 1 1
github.com/robot_wars/game/robot_league/robot_league.go:117.30,118.34 1 1
github.com/robot_wars/game/robot_league/robot_league.go:118.34,120.4 1 1
github.com/robot_wars/game/robot/robot.go:13.34,15.2 1 0
github.com/robot_wars/game/robot/robot.go:17.35,19.2 1 0
github.com/robot_wars/game/robot/robot.go:22.38,24.2 1 0
github.com/robot_wars/game/robot/robot.go:26.41,28.2 1 0
github.com/robot_wars/game/robot/robot.go:41.55,44.2 2 1
github.com/robot_wars/game/robot/robot.go:46.64,49.2 2 1
github.com/robot_wars/game/robot/robot.go:51.79,60.2 2 0
github.com/robot_wars/game/robot/robot.go:63.33,65.2 1 0
github.com/robot_wars/game/robot/robot.go:67.34,69.2 1 0
github.com/robot_wars/game/robot/robot.go:71.33,73.2 1 0
github.com/robot_wars/game/robot/robot.go:75.39,77.2 1 0
github.com/robot_wars/game/robot/robot.go:79.48,81.2 1 0
github.com/robot_wars/game/robot/robot.go:84.35,86.2 1 0
github.com/robot_wars/game/robot/robot.go:88.38,90.2 1 0
github.com/robot_wars/game/robot/robot.go:92.39,94.2 1 0
github.com/robot_wars/game/robot/robot.go:96.46,98.2 1 1
